[debug] [2024-10-23T23:42:26.016Z] ----------------------------------------------------------------------
[debug] [2024-10-23T23:42:26.024Z] Command:       /usr/local/bin/node /usr/local/bin/firebase init
[debug] [2024-10-23T23:42:26.025Z] CLI Version:   13.23.0
[debug] [2024-10-23T23:42:26.026Z] Platform:      linux
[debug] [2024-10-23T23:42:26.026Z] Node Version:  v20.18.0
[debug] [2024-10-23T23:42:26.027Z] Time:          Wed Oct 23 2024 16:42:26 GMT-0700 (Pacific Daylight Time)
[debug] [2024-10-23T23:42:26.027Z] ----------------------------------------------------------------------
[debug] 
[debug] [2024-10-23T23:42:26.044Z] > command requires scopes: ["email","openid","https://www.googleapis.com/auth/cloudplatformprojects.readonly","https://www.googleapis.com/auth/firebase","https://www.googleapis.com/auth/cloud-platform"]
[debug] [2024-10-23T23:42:26.045Z] > authorizing via signed-in user (michaelball357@gmail.com)
[info] 
     ######## #### ########  ######## ########     ###     ######  ########
     ##        ##  ##     ## ##       ##     ##  ##   ##  ##       ##
     ######    ##  ########  ######   ########  #########  ######  ######
     ##        ##  ##    ##  ##       ##     ## ##     ##       ## ##
     ##       #### ##     ## ######## ########  ##     ##  ######  ########

You're about to initialize a Firebase project in this directory:

  /home/mike/Documents/notion-clone

[info] 
=== Project Setup
[info] 
[info] First, let's associate this project directory with a Firebase project.
[info] You can create multiple project aliases by running firebase use --add, 
[info] but for now we'll just set up a default project.
[info] 
[debug] [2024-10-23T23:47:51.256Z] Checked if tokens are valid: true, expires at: 1729730512625
[debug] [2024-10-23T23:47:51.257Z] Checked if tokens are valid: true, expires at: 1729730512625
[debug] [2024-10-23T23:47:51.265Z] >>> [apiv2][query] GET https://firebase.googleapis.com/v1beta1/projects pageSize=100
[debug] [2024-10-23T23:47:52.129Z] <<< [apiv2][status] GET https://firebase.googleapis.com/v1beta1/projects 200
[debug] [2024-10-23T23:47:52.130Z] <<< [apiv2][body] GET https://firebase.googleapis.com/v1beta1/projects [omitted]
[info] i  Using project simple-blog-abb6c (Simple Blog) 
[info] 
=== Dataconnect Setup
[debug] [2024-10-23T23:47:54.587Z] Checked if tokens are valid: true, expires at: 1729730512625
[debug] [2024-10-23T23:47:54.588Z] Checked if tokens are valid: true, expires at: 1729730512625
[debug] [2024-10-23T23:47:54.588Z] >>> [apiv2][query] GET https://cloudbilling.googleapis.com/v1/projects/simple-blog-abb6c/billingInfo [none]
[debug] [2024-10-23T23:47:55.484Z] <<< [apiv2][status] GET https://cloudbilling.googleapis.com/v1/projects/simple-blog-abb6c/billingInfo 200
[debug] [2024-10-23T23:47:55.485Z] <<< [apiv2][body] GET https://cloudbilling.googleapis.com/v1/projects/simple-blog-abb6c/billingInfo {"name":"projects/simple-blog-abb6c/billingInfo","projectId":"simple-blog-abb6c","billingAccountName":"","billingEnabled":false}
[info] i  dataconnect: ensuring required API sqladmin.googleapis.com is enabled... 
[debug] [2024-10-23T23:47:55.489Z] Checked if tokens are valid: true, expires at: 1729730512625
[debug] [2024-10-23T23:47:55.489Z] Checked if tokens are valid: true, expires at: 1729730512625
[debug] [2024-10-23T23:47:55.490Z] >>> [apiv2][query] GET https://serviceusage.googleapis.com/v1/projects/simple-blog-abb6c/services/sqladmin.googleapis.com [none]
[debug] [2024-10-23T23:47:55.490Z] >>> [apiv2][(partial)header] GET https://serviceusage.googleapis.com/v1/projects/simple-blog-abb6c/services/sqladmin.googleapis.com x-goog-quota-user=projects/simple-blog-abb6c
[debug] [2024-10-23T23:47:56.209Z] <<< [apiv2][status] GET https://serviceusage.googleapis.com/v1/projects/simple-blog-abb6c/services/sqladmin.googleapis.com 200
[debug] [2024-10-23T23:47:56.209Z] <<< [apiv2][body] GET https://serviceusage.googleapis.com/v1/projects/simple-blog-abb6c/services/sqladmin.googleapis.com [omitted]
[warn] ⚠  dataconnect: missing required API sqladmin.googleapis.com. Enabling now... 
[debug] [2024-10-23T23:47:56.212Z] Checked if tokens are valid: true, expires at: 1729730512625
[debug] [2024-10-23T23:47:56.212Z] Checked if tokens are valid: true, expires at: 1729730512625
[debug] [2024-10-23T23:47:56.213Z] >>> [apiv2][query] POST https://serviceusage.googleapis.com/v1/projects/simple-blog-abb6c/services/sqladmin.googleapis.com:enable [none]
[debug] [2024-10-23T23:47:56.213Z] >>> [apiv2][(partial)header] POST https://serviceusage.googleapis.com/v1/projects/simple-blog-abb6c/services/sqladmin.googleapis.com:enable x-goog-quota-user=projects/simple-blog-abb6c
[debug] [2024-10-23T23:47:56.529Z] <<< [apiv2][status] POST https://serviceusage.googleapis.com/v1/projects/simple-blog-abb6c/services/sqladmin.googleapis.com:enable 200
[debug] [2024-10-23T23:47:56.529Z] <<< [apiv2][body] POST https://serviceusage.googleapis.com/v1/projects/simple-blog-abb6c/services/sqladmin.googleapis.com:enable [omitted]
[debug] [2024-10-23T23:48:06.536Z] Checked if tokens are valid: true, expires at: 1729730512625
[debug] [2024-10-23T23:48:06.536Z] Checked if tokens are valid: true, expires at: 1729730512625
[debug] [2024-10-23T23:48:06.537Z] >>> [apiv2][query] GET https://serviceusage.googleapis.com/v1/projects/simple-blog-abb6c/services/sqladmin.googleapis.com [none]
[debug] [2024-10-23T23:48:06.537Z] >>> [apiv2][(partial)header] GET https://serviceusage.googleapis.com/v1/projects/simple-blog-abb6c/services/sqladmin.googleapis.com x-goog-quota-user=projects/simple-blog-abb6c
[debug] [2024-10-23T23:48:07.050Z] <<< [apiv2][status] GET https://serviceusage.googleapis.com/v1/projects/simple-blog-abb6c/services/sqladmin.googleapis.com 200
[debug] [2024-10-23T23:48:07.050Z] <<< [apiv2][body] GET https://serviceusage.googleapis.com/v1/projects/simple-blog-abb6c/services/sqladmin.googleapis.com [omitted]
[info] ✔  dataconnect: required API sqladmin.googleapis.com is enabled 
[info] ✔  Wrote dataconnect/dataconnect.yaml 
[info] ✔  Wrote dataconnect/schema/schema.gql 
[info] ✔  Wrote dataconnect/connector/connector.yaml 
[info] ✔  Wrote dataconnect/connector/queries.gql 
[info] ✔  Wrote dataconnect/connector/mutations.gql 
[info] ✔  Detected WEB app in directory /home/mike/Documents/notion-clone 
[info] i  Wrote new config to /home/mike/Documents/notion-clone/dataconnect/connector/connector.yaml 
[info] i  dataconnect: downloading dataconnect-emulator-1.5.1... {"metadata":{"emulator":{"name":"dataconnect"},"message":"downloading dataconnect-emulator-1.5.1..."}}
[debug] [2024-10-23T23:48:22.910Z] >>> [apiv2][query] GET https://storage.googleapis.com/firemat-preview-drop/emulator/dataconnect-emulator-linux-v1.5.1 
[debug] [2024-10-23T23:48:23.232Z] <<< [apiv2][status] GET https://storage.googleapis.com/firemat-preview-drop/emulator/dataconnect-emulator-linux-v1.5.1 200
[debug] [2024-10-23T23:48:23.233Z] <<< [apiv2][body] GET https://storage.googleapis.com/firemat-preview-drop/emulator/dataconnect-emulator-linux-v1.5.1 [stream]
[info] I1023 16:48:26.466171   40671 codegen.go:82] [connector "default" javascriptSdk] Generating sources into "/home/mike/Documents/notion-clone/dataconnect-generated/js/default-connector"
I1023 16:48:26.469099   40671 generate.go:40] Generated all sources. Writing them to disk...
I1023 16:48:26.470548   40671 collector.go:107] connector "default" javascriptSdk wrote into "/home/mike/Documents/notion-clone/dataconnect-generated/js/default-connector"
Generated sources: package.json [623B] index.d.ts [264B] esm/index.esm.js [185B] esm/package.json [17B] index.cjs.js [226B] 
I1023 16:48:26.476942   40671 installsdk.go:76] Running command: /usr/local/bin/npm install file:dataconnect-generated/js/default-connector

[info] i  Generated SDK code for default 
[info] ✔  If you'd like to add more generated SDKs to your app your later, run firebase init dataconnect:sdk again 
[info] i  If you'd like to provision a CloudSQL Postgres instance on the Firebase Data Connect no-cost trial:
1. Please upgrade to the pay-as-you-go (Blaze) billing plan. Visit the following page:
     https://console.firebase.google.com/project/simple-blog-abb6c/usage/details
2. Run firebase init dataconnect again to configure the Cloud SQL instance.
3. Run firebase deploy --only dataconnect to deploy your Data Connect service. 
[info] 
=== Hosting Setup
[debug] [2024-10-23T23:49:34.964Z] Checked if tokens are valid: true, expires at: 1729730512625
[debug] [2024-10-23T23:49:34.975Z] Checked if tokens are valid: true, expires at: 1729730512625
[debug] [2024-10-23T23:49:34.976Z] >>> [apiv2][query] GET https://firebase.googleapis.com/v1beta1/projects/simple-blog-abb6c [none]
[debug] [2024-10-23T23:49:35.289Z] <<< [apiv2][status] GET https://firebase.googleapis.com/v1beta1/projects/simple-blog-abb6c 200
[debug] [2024-10-23T23:49:35.289Z] <<< [apiv2][body] GET https://firebase.googleapis.com/v1beta1/projects/simple-blog-abb6c {"projectId":"simple-blog-abb6c","projectNumber":"67697613505","displayName":"Simple Blog","name":"projects/simple-blog-abb6c","resources":{"hostingSite":"simple-blog-abb6c"},"state":"ACTIVE","etag":"1_2e3e24ac-aba9-4f6e-a5e7-f4c691592e77"}
[info] 
[info] Your public directory is the folder (relative to your project directory) that
[info] will contain Hosting assets to be uploaded with firebase deploy. If you
[info] have a build process for your assets, use your build's output directory.
[info] 
[info] ✔  Wrote n/404.html 
[debug] [2024-10-23T23:50:30.730Z] >>> [apiv2][query] GET https://www.gstatic.com/firebasejs/releases.json [none]
[debug] [2024-10-23T23:50:30.814Z] <<< [apiv2][status] GET https://www.gstatic.com/firebasejs/releases.json 200
[debug] [2024-10-23T23:50:30.815Z] <<< [apiv2][body] GET https://www.gstatic.com/firebasejs/releases.json {"current":{"version":"11.0.1","browserURL":"https://www.gstatic.com/firebasejs/11.0.1/firebase.js","packageURL":"https://www.gstatic.com/firebasejs/11.0.1/firebase.tgz"},"live":{"version":"11.0","browserURL":"https://www.gstatic.com/firebasejs/live/11.0/firebase.js","packageURL":"https://www.gstatic.com/firebasejs/live/11.0/firebase.tgz"},"components":{"analytics":"https://www.gstatic.com/firebasejs/11.0.1/firebase-analytics.js","app":"https://www.gstatic.com/firebasejs/11.0.1/firebase-app.js","app-check":"https://www.gstatic.com/firebasejs/11.0.1/firebase-app-check.js","auth":"https://www.gstatic.com/firebasejs/11.0.1/firebase-auth.js","auth/cordova":"https://www.gstatic.com/firebasejs/11.0.1/firebase-auth/cordova.js","auth/web-extension":"https://www.gstatic.com/firebasejs/11.0.1/firebase-auth/web-extension.js","functions":"https://www.gstatic.com/firebasejs/11.0.1/firebase-functions.js","firestore":"https://www.gstatic.com/firebasejs/11.0.1/firebase-firestore.js","firestore/lite":"https://www.gstatic.com/firebasejs/11.0.1/firebase-firestore/lite.js","installations":"https://www.gstatic.com/firebasejs/11.0.1/firebase-installations.js","storage":"https://www.gstatic.com/firebasejs/11.0.1/firebase-storage.js","performance":"https://www.gstatic.com/firebasejs/11.0.1/firebase-performance.js","remote-config":"https://www.gstatic.com/firebasejs/11.0.1/firebase-remote-config.js","messaging":"https://www.gstatic.com/firebasejs/11.0.1/firebase-messaging.js","messaging/sw":"https://www.gstatic.com/firebasejs/11.0.1/firebase-messaging/sw.js","database":"https://www.gstatic.com/firebasejs/11.0.1/firebase-database.js","vertexai":"https://www.gstatic.com/firebasejs/11.0.1/firebase-vertexai.js","data-connect":"https://www.gstatic.com/firebasejs/11.0.1/firebase-data-connect.js","firestore.memory":"https://www.gstatic.com/firebasejs/11.0.1/firebase-firestore.memory.js"}}
[info] ✔  Wrote n/index.html 
[info] 
[info] i  Detected a .git folder at /home/mike/Documents/notion-clone 
[info] i  Authorizing with GitHub to upload your service account to a GitHub repository's secrets store. 
[info] 
[info] Visit this URL on this device to log in:
[info] https://github.com/login/oauth/authorize?client_id=89cf50f02ac6aaed3484&state=526099474&redirect_uri=http%3A%2F%2Flocalhost%3A9005&scope=read%3Auser%20repo%20public_repo
[info] 
[info] Waiting for authentication...
